#
# There is insufficient memory for the Java Runtime Environment to continue.
# Native memory allocation (mmap) failed to map 264241152 bytes for G1 virtual space
# Possible reasons:
#   The system is out of physical RAM or swap space
#   The process is running with CompressedOops enabled, and the Java Heap may be blocking the growth of the native heap
# Possible solutions:
#   Reduce memory load on the system
#   Increase physical memory or swap space
#   Check if swap backing store is full
#   Decrease Java heap size (-Xmx/-Xms)
#   Decrease number of Java threads
#   Decrease Java thread stack sizes (-Xss)
#   Set larger code cache with -XX:ReservedCodeCacheSize=
#   JVM is running with Zero Based Compressed Oops mode in which the Java heap is
#     placed in the first 32GB address space. The Java Heap base address is the
#     maximum limit for the native heap growth. Please use -XX:HeapBaseMinAddress
#     to set the Java Heap base and to place the Java Heap above 32GB virtual address.
# This output file may be truncated or incomplete.
#
#  Out of Memory Error (os_windows.cpp:3557), pid=22112, tid=21324
#
# JRE version:  (17.0.6+10) (build )
# Java VM: OpenJDK 64-Bit Server VM (17.0.6+10, mixed mode, sharing, tiered, compressed oops, compressed class ptrs, g1 gc, windows-amd64)
# No core dump will be written. Minidumps are not enabled by default on client versions of Windows
#

---------------  S U M M A R Y ------------

Command Line: -Dfile.encoding=UTF-8 --module-path=C:\Users\user\Desktop\coures\java\work\Quiz\bin -XX:+ShowCodeDetailsInExceptionMessages -Djdk.module.main=Quiz Quiz/quiz01.Quiz17

Host: 11th Gen Intel(R) Core(TM) i5-11400 @ 2.60GHz, 12 cores, 15G,  Windows 10 , 64 bit Build 19041 (10.0.19041.2546)
Time: Thu Apr 13 14:53:08 2023  Windows 10 , 64 bit Build 19041 (10.0.19041.2546) elapsed time: 0.010769 seconds (0d 0h 0m 0s)

---------------  T H R E A D  ---------------

Current thread (0x0000021f6236de80):  JavaThread "Unknown thread" [_thread_in_vm, id=21324, stack(0x000000f811a00000,0x000000f811b00000)]

Stack: [0x000000f811a00000,0x000000f811b00000]
Native frames: (J=compiled Java code, j=interpreted, Vv=VM code, C=native code)
V  [jvm.dll+0x67741a]
V  [jvm.dll+0x834434]
V  [jvm.dll+0x835bde]
V  [jvm.dll+0x836243]
V  [jvm.dll+0x2457b5]
V  [jvm.dll+0x674329]
V  [jvm.dll+0x6689da]
V  [jvm.dll+0x30489b]
V  [jvm.dll+0x30bd96]
V  [jvm.dll+0x35b57e]
V  [jvm.dll+0x35b7af]
V  [jvm.dll+0x2db778]
V  [jvm.dll+0x2dc6e4]
V  [jvm.dll+0x806131]
V  [jvm.dll+0x369331]
V  [jvm.dll+0x7e56ac]
V  [jvm.dll+0x3eb35f]
V  [jvm.dll+0x3ecea1]
C  [jli.dll+0x5267]
C  [ucrtbase.dll+0x21bb2]
C  [KERNEL32.DLL+0x17614]
C  [ntdll.dll+0x526a1]


---------------  P R O C E S S  ---------------

Threads class SMR info:
_java_thread_list=0x00007ffd12795fd8, length=0, elements={
}

Java Threads: ( => current thread )

Other Threads:
  0x0000021f623d9f10 GCTaskThread "GC Thread#0" [stack: 0x000000f811b00000,0x000000f811c00000] [id=22220]
  0x0000021f623eb0b0 ConcurrentGCThread "G1 Main Marker" [stack: 0x000000f811c00000,0x000000f811d00000] [id=20756]
  0x0000021f623ebac0 ConcurrentGCThread "G1 Conc#0" [stack: 0x000000f811d00000,0x000000f811e00000] [id=21556]

[error occurred during error reporting (printing all threads), id 0xc0000005, EXCEPTION_ACCESS_VIOLATION (0xc0000005) at pc=0x00007ffd11f6c1e7]

VM state: not at safepoint (not fully initialized)

VM Mutex/Monitor currently owned by a thread:  ([mutex/lock_event])
[0x0000021f62367fe0] Heap_lock - owner thread: 0x0000021f6236de80

Heap address: 0x0000000705400000, size: 4012 MB, Compressed Oops mode: Zero based, Oop shift amount: 3

CDS archive(s) mapped at: [0x0000000000000000-0x0000000000000000-0x0000000000000000), size 0, SharedBaseAddress: 0x0000000800000000, ArchiveRelocationMode: 0.
Narrow klass base: 0x0000000000000000, Narrow klass shift: 0, Narrow klass range: 0x0

GC Precious Log:
<Empty>

Heap:
 garbage-first heap   total 0K, used 0K [0x0000000705400000, 0x0000000800000000)
  region size 2048K, 0 young (0K), 0 survivors (0K)

[error occurred during error reporting (printing heap information), id 0xc0000005, EXCEPTION_ACCESS_VIOLATION (0xc0000005) at pc=0x00007ffd123506f9]

GC Heap History (0 events):
No events

Dll operation events (1 events):
Event: 0.004 Loaded shared library C:\Users\user\Desktop\coures\java\eclipse\plugins\org.eclipse.justj.openjdk.hotspot.jre.full.win32.x86_64_17.0.6.v20230204-1729\jre\bin\java.dll

Deoptimization events (0 events):
No events

Classes unloaded (0 events):
No events

Classes redefined (0 events):
No events

Internal exceptions (0 events):
No events

VM Operations (0 events):
No events

Events (0 events):
No events


Dynamic libraries:
0x00007ff7c7a10000 - 0x00007ff7c7a1e000 	C:\Users\user\Desktop\coures\java\eclipse\plugins\org.eclipse.justj.openjdk.hotspot.jre.full.win32.x86_64_17.0.6.v20230204-1729\jre\bin\javaw.exe
0x00007ffd89a70000 - 0x00007ffd89c68000 	C:\windows\SYSTEM32\ntdll.dll
0x00007ffd88680000 - 0x00007ffd8873f000 	C:\windows\System32\KERNEL32.DLL
0x00007ffd873b0000 - 0x00007ffd87682000 	C:\windows\System32\KERNELBASE.dll
0x00007ffd876e0000 - 0x00007ffd877e0000 	C:\windows\System32\ucrtbase.dll
0x00007ffd5d830000 - 0x00007ffd5d847000 	C:\Users\user\Desktop\coures\java\eclipse\plugins\org.eclipse.justj.openjdk.hotspot.jre.full.win32.x86_64_17.0.6.v20230204-1729\jre\bin\jli.dll
0x00007ffd65c10000 - 0x00007ffd65c29000 	C:\Users\user\Desktop\coures\java\eclipse\plugins\org.eclipse.justj.openjdk.hotspot.jre.full.win32.x86_64_17.0.6.v20230204-1729\jre\bin\VCRUNTIME140.dll
0x00007ffd890a0000 - 0x00007ffd89241000 	C:\windows\System32\USER32.dll
0x00007ffd872d0000 - 0x00007ffd872f2000 	C:\windows\System32\win32u.dll
0x00007ffd778c0000 - 0x00007ffd77b5a000 	C:\windows\WinSxS\amd64_microsoft.windows.common-controls_6595b64144ccf1df_6.0.19041.1110_none_60b5254171f9507e\COMCTL32.dll
0x00007ffd899d0000 - 0x00007ffd899fb000 	C:\windows\System32\GDI32.dll
0x00007ffd89310000 - 0x00007ffd893ae000 	C:\windows\System32\msvcrt.dll
0x00007ffd877e0000 - 0x00007ffd878ef000 	C:\windows\System32\gdi32full.dll
0x00007ffd87200000 - 0x00007ffd8729d000 	C:\windows\System32\msvcp_win.dll
0x00007ffd89a00000 - 0x00007ffd89a30000 	C:\windows\System32\IMM32.DLL
0x00007ffd7e0d0000 - 0x00007ffd7e0dc000 	C:\Users\user\Desktop\coures\java\eclipse\plugins\org.eclipse.justj.openjdk.hotspot.jre.full.win32.x86_64_17.0.6.v20230204-1729\jre\bin\vcruntime140_1.dll
0x00007ffd4a880000 - 0x00007ffd4a911000 	C:\Users\user\Desktop\coures\java\eclipse\plugins\org.eclipse.justj.openjdk.hotspot.jre.full.win32.x86_64_17.0.6.v20230204-1729\jre\bin\msvcp140.dll
0x00007ffd11c80000 - 0x00007ffd128c7000 	C:\Users\user\Desktop\coures\java\eclipse\plugins\org.eclipse.justj.openjdk.hotspot.jre.full.win32.x86_64_17.0.6.v20230204-1729\jre\bin\server\jvm.dll
0x00007ffd88500000 - 0x00007ffd885ae000 	C:\windows\System32\ADVAPI32.dll
0x00007ffd87ce0000 - 0x00007ffd87d7c000 	C:\windows\System32\sechost.dll
0x00007ffd87ac0000 - 0x00007ffd87be4000 	C:\windows\System32\RPCRT4.dll
0x00007ffd80d00000 - 0x00007ffd80d09000 	C:\windows\SYSTEM32\WSOCK32.dll
0x00007ffd7ed90000 - 0x00007ffd7edb7000 	C:\windows\SYSTEM32\WINMM.dll
0x00007ffd82ca0000 - 0x00007ffd82caa000 	C:\windows\SYSTEM32\VERSION.dll
0x00007ffd89030000 - 0x00007ffd8909b000 	C:\windows\System32\WS2_32.dll
0x00007ffd85050000 - 0x00007ffd85062000 	C:\windows\SYSTEM32\kernel.appcore.dll
0x00007ffd7a990000 - 0x00007ffd7a99a000 	C:\Users\user\Desktop\coures\java\eclipse\plugins\org.eclipse.justj.openjdk.hotspot.jre.full.win32.x86_64_17.0.6.v20230204-1729\jre\bin\jimage.dll
0x00007ffd82340000 - 0x00007ffd82524000 	C:\windows\SYSTEM32\DBGHELP.DLL
0x00007ffd81f70000 - 0x00007ffd81fa5000 	C:\windows\SYSTEM32\dbgcore.DLL
0x00007ffd87170000 - 0x00007ffd871f2000 	C:\windows\System32\bcryptPrimitives.dll
0x00007ffd556b0000 - 0x00007ffd556d5000 	C:\Users\user\Desktop\coures\java\eclipse\plugins\org.eclipse.justj.openjdk.hotspot.jre.full.win32.x86_64_17.0.6.v20230204-1729\jre\bin\java.dll

dbghelp: loaded successfully - version: 4.0.5 - missing functions: none
symbol engine: initialized successfully - sym options: 0x614 - pdb path: .;C:\Users\user\Desktop\coures\java\eclipse\plugins\org.eclipse.justj.openjdk.hotspot.jre.full.win32.x86_64_17.0.6.v20230204-1729\jre\bin;C:\windows\SYSTEM32;C:\windows\WinSxS\amd64_microsoft.windows.common-controls_6595b64144ccf1df_6.0.19041.1110_none_60b5254171f9507e;C:\Users\user\Desktop\coures\java\eclipse\plugins\org.eclipse.justj.openjdk.hotspot.jre.full.win32.x86_64_17.0.6.v20230204-1729\jre\bin\server

VM Arguments:
jvm_args: -Dfile.encoding=UTF-8 --module-path=C:\Users\user\Desktop\coures\java\work\Quiz\bin -XX:+ShowCodeDetailsInExceptionMessages -Djdk.module.main=Quiz 
java_command: Quiz/quiz01.Quiz17
java_class_path (initial): <not set>
Launcher Type: SUN_STANDARD

[Global flags]
     intx CICompilerCount                          = 4                                         {product} {ergonomic}
     uint ConcGCThreads                            = 3                                         {product} {ergonomic}
     uint G1ConcRefinementThreads                  = 10                                        {product} {ergonomic}
   size_t G1HeapRegionSize                         = 2097152                                   {product} {ergonomic}
    uintx GCDrainStackTargetSize                   = 64                                        {product} {ergonomic}
   size_t InitialHeapSize                          = 264241152                                 {product} {ergonomic}
   size_t MarkStackSize                            = 4194304                                   {product} {ergonomic}
   size_t MaxHeapSize                              = 4206886912                                {product} {ergonomic}
   size_t MinHeapDeltaBytes                        = 2097152                                   {product} {ergonomic}
   size_t MinHeapSize                              = 8388608                                   {product} {ergonomic}
    uintx NonNMethodCodeHeapSize                   = 5839372                                {pd product} {ergonomic}
    uintx NonProfiledCodeHeapSize                  = 122909434                              {pd product} {ergonomic}
    uintx ProfiledCodeHeapSize                     = 122909434                              {pd product} {ergonomic}
    uintx ReservedCodeCacheSize                    = 251658240                              {pd product} {ergonomic}
     bool SegmentedCodeCache                       = true                                      {product} {ergonomic}
     bool ShowCodeDetailsInExceptionMessages       = true                                   {manageable} {command line}
   size_t SoftMaxHeapSize                          = 4206886912                             {manageable} {ergonomic}
     bool UseCompressedClassPointers               = true                           {product lp64_product} {ergonomic}
     bool UseCompressedOops                        = true                           {product lp64_product} {ergonomic}
     bool UseG1GC                                  = true                                      {product} {ergonomic}
     bool UseLargePagesIndividualAllocation        = false                                  {pd product} {ergonomic}

Logging:
Log output configuration:
 #0: stdout all=warning uptime,level,tags
 #1: stderr all=off uptime,level,tags

Environment Variables:
PATH=C:/Users/user/Desktop/coures/java/eclipse//plugins/org.eclipse.justj.openjdk.hotspot.jre.full.win32.x86_64_17.0.6.v20230204-1729/jre/bin/server;C:/Users/user/Desktop/coures/java/eclipse//plugins/org.eclipse.justj.openjdk.hotspot.jre.full.win32.x86_64_17.0.6.v20230204-1729/jre/bin;C:\Program Files\Common Files\Oracle\Java\javapath;C:\windows\system32;C:\windows;C:\windows\System32\Wbem;C:\windows\System32\WindowsPowerShell\v1.0\;C:\windows\System32\OpenSSH\;C:\Program Files\Bandizip\;C:\Users\user\AppData\Local\Microsoft\WindowsApps;;C:\Users\user\Desktop\coures\java\work\day01_1\src\day02;
USERNAME=user
OS=Windows_NT
PROCESSOR_IDENTIFIER=Intel64 Family 6 Model 167 Stepping 1, GenuineIntel
TMP=C:\Users\user\AppData\Local\Temp
TEMP=C:\Users\user\AppData\Local\Temp



---------------  S Y S T E M  ---------------

OS:
 Windows 10 , 64 bit Build 19041 (10.0.19041.2546)
OS uptime: 8 days 14:59 hours

CPU: total 12 (initial active 12) (6 cores per cpu, 2 threads per core) family 6 model 167 stepping 1 microcode 0x3c, cx8, cmov, fxsr, ht, mmx, 3dnowpref, sse, sse2, sse3, ssse3, sse4.1, sse4.2, popcnt, lzcnt, tsc, tscinvbit, avx, avx2, aes, erms, clmul, bmi1, bmi2, adx, avx512f, avx512dq, avx512cd, avx512bw, avx512vl, sha, fma, vzeroupper, avx512_vpopcntdq, avx512_vpclmulqdq, avx512_vaes, avx512_vnni, clflush, clflushopt, avx512_vbmi2, avx512_vbmi

Memory: 4k page, system-wide physical 16043M (8214M free)
TotalPageFile size 44602M (AvailPageFile size 11M)
current process WorkingSet (physical memory assigned to process): 10M, peak: 10M
current process commit charge ("private bytes"): 64M, peak: 316M

vm_info: OpenJDK 64-Bit Server VM (17.0.6+10) for windows-amd64 JRE (17.0.6+10), built on Jan 18 2023 10:08:59 by "temurin" with MS VC++ 16.7 (VS2019)

END.
